This is pdfTeX, Version 3.141592653-2.6-1.40.26 (TeX Live 2024) (preloaded format=pdflatex 2024.8.23)  24 AUG 2024 18:26
entering extended mode
 restricted \write18 enabled.
 %&-line parsing enabled.
**ÂÆûÈ™åÊä•Âëä1.tex
(./ÂÆûÈ™åÊä•Âëä1.tex
LaTeX2e <2024-06-01> patch level 2
L3 programming layer <2024-07-20>
(c:/texlive/2024/texmf-dist/tex/latex/base/article.cls
Document Class: article 2024/02/08 v1.4n Standard LaTeX document class
(c:/texlive/2024/texmf-dist/tex/latex/base/size12.clo
File: size12.clo 2024/02/08 v1.4n Standard LaTeX file (size option)
)
\c@part=\count194
\c@section=\count195
\c@subsection=\count196
\c@subsubsection=\count197
\c@paragraph=\count198
\c@subparagraph=\count199
\c@figure=\count266
\c@table=\count267
\abovecaptionskip=\skip49
\belowcaptionskip=\skip50
\bibindent=\dimen141
)
(c:/texlive/2024/texmf-dist/tex/latex/ctex/ctex.sty
(c:/texlive/2024/texmf-dist/tex/latex/l3kernel/expl3.sty
Package: expl3 2024-07-20 L3 programming layer (loader) 

(c:/texlive/2024/texmf-dist/tex/latex/l3backend/l3backend-pdftex.def
File: l3backend-pdftex.def 2024-05-08 L3 backend support: PDF output (pdfTeX)
\l__color_backend_stack_int=\count268
\l__pdf_internal_box=\box52
))
Package: ctex 2022/07/14 v2.5.10 Chinese adapter in LaTeX (CTEX)

(c:/texlive/2024/texmf-dist/tex/latex/ctex/ctexhook.sty
Package: ctexhook 2022/07/14 v2.5.10 Document and package hooks (CTEX)
)
(c:/texlive/2024/texmf-dist/tex/latex/ctex/ctexpatch.sty
Package: ctexpatch 2022/07/14 v2.5.10 Patching commands (CTEX)
)
(c:/texlive/2024/texmf-dist/tex/latex/base/fix-cm.sty
Package: fix-cm 2020/11/24 v1.1t fixes to LaTeX

(c:/texlive/2024/texmf-dist/tex/latex/base/ts1enc.def
File: ts1enc.def 2001/06/05 v3.0e (jk/car/fm) Standard LaTeX file
LaTeX Font Info:    Redeclaring font encoding TS1 on input line 47.
))
\l__ctex_tmp_int=\count269
\l__ctex_tmp_box=\box53
\l__ctex_tmp_dim=\dimen142
\g__ctex_section_depth_int=\count270
\g__ctex_font_size_int=\count271

(c:/texlive/2024/texmf-dist/tex/latex/ctex/config/ctexopts.cfg
File: ctexopts.cfg 2022/07/14 v2.5.10 Option configuration file (CTEX)
)
(c:/texlive/2024/texmf-dist/tex/latex/ctex/engine/ctex-engine-pdftex.def
File: ctex-engine-pdftex.def 2022/07/14 v2.5.10 (pdf)LaTeX adapter (CTEX)

(c:/texlive/2024/texmf-dist/tex/latex/cjk/texinput/CJKutf8.sty
Package: CJKutf8 2021/10/16 4.8.5

(c:/texlive/2024/texmf-dist/tex/generic/iftex/ifpdf.sty
Package: ifpdf 2019/10/25 v3.4 ifpdf legacy package. Use iftex instead.

(c:/texlive/2024/texmf-dist/tex/generic/iftex/iftex.sty
Package: iftex 2022/02/03 v1.0f TeX engine tests
))
(c:/texlive/2024/texmf-dist/tex/latex/base/inputenc.sty
Package: inputenc 2024/02/08 v1.3d Input encoding file
\inpenc@prehook=\toks17
\inpenc@posthook=\toks18
)
(c:/texlive/2024/texmf-dist/tex/latex/cjk/texinput/CJK.sty
Package: CJK 2021/10/16 4.8.5

(c:/texlive/2024/texmf-dist/tex/latex/cjk/texinput/mule/MULEenc.sty
Package: MULEenc 2021/10/16 4.8.5
)
(c:/texlive/2024/texmf-dist/tex/latex/cjk/texinput/CJK.enc
File: CJK.enc 2021/10/16 4.8.5
Now handling font encoding C00 ...
... no UTF-8 mapping file for font encoding C00
Now handling font encoding C05 ...
... no UTF-8 mapping file for font encoding C05
Now handling font encoding C09 ...
... no UTF-8 mapping file for font encoding C09
Now handling font encoding C10 ...
... no UTF-8 mapping file for font encoding C10
Now handling font encoding C20 ...
... no UTF-8 mapping file for font encoding C20
Now handling font encoding C19 ...
... no UTF-8 mapping file for font encoding C19
Now handling font encoding C40 ...
... no UTF-8 mapping file for font encoding C40
Now handling font encoding C42 ...
... no UTF-8 mapping file for font encoding C42
Now handling font encoding C43 ...
... no UTF-8 mapping file for font encoding C43
Now handling font encoding C50 ...
... no UTF-8 mapping file for font encoding C50
Now handling font encoding C52 ...
... no UTF-8 mapping file for font encoding C52
Now handling font encoding C49 ...
... no UTF-8 mapping file for font encoding C49
Now handling font encoding C60 ...
... no UTF-8 mapping file for font encoding C60
Now handling font encoding C61 ...
... no UTF-8 mapping file for font encoding C61
Now handling font encoding C63 ...
... no UTF-8 mapping file for font encoding C63
Now handling font encoding C64 ...
... no UTF-8 mapping file for font encoding C64
Now handling font encoding C65 ...
... no UTF-8 mapping file for font encoding C65
Now handling font encoding C70 ...
... no UTF-8 mapping file for font encoding C70
Now handling font encoding C31 ...
... no UTF-8 mapping file for font encoding C31
Now handling font encoding C32 ...
... no UTF-8 mapping file for font encoding C32
Now handling font encoding C33 ...
... no UTF-8 mapping file for font encoding C33
Now handling font encoding C34 ...
... no UTF-8 mapping file for font encoding C34
Now handling font encoding C35 ...
... no UTF-8 mapping file for font encoding C35
Now handling font encoding C36 ...
... no UTF-8 mapping file for font encoding C36
Now handling font encoding C37 ...
... no UTF-8 mapping file for font encoding C37
Now handling font encoding C80 ...
... no UTF-8 mapping file for font encoding C80
Now handling font encoding C81 ...
... no UTF-8 mapping file for font encoding C81
Now handling font encoding C01 ...
... no UTF-8 mapping file for font encoding C01
Now handling font encoding C11 ...
... no UTF-8 mapping file for font encoding C11
Now handling font encoding C21 ...
... no UTF-8 mapping file for font encoding C21
Now handling font encoding C41 ...
... no UTF-8 mapping file for font encoding C41
Now handling font encoding C62 ...
... no UTF-8 mapping file for font encoding C62
)
\CJK@indent=\box54
)
(c:/texlive/2024/texmf-dist/tex/latex/base/fontenc.sty
Package: fontenc 2021/04/29 v2.0v Standard LaTeX package
))
(c:/texlive/2024/texmf-dist/tex/latex/cjkpunct/CJKpunct.sty
Package: CJKpunct 2016/05/14 4.8.4
\CJKpunct@cnta=\count272
\CJKpunct@cntb=\count273
\CJKpunct@cntc=\count274
\CJKpunct@cntd=\count275
\CJKpunct@cnte=\count276
   defining Unicode char U+2018 (decimal 8216)
   defining Unicode char U+2019 (decimal 8217)
   defining Unicode char U+201C (decimal 8220)
   defining Unicode char U+201D (decimal 8221)
   defining Unicode char U+2014 (decimal 8212)
   defining Unicode char U+2026 (decimal 8230)

(c:/texlive/2024/texmf-dist/tex/latex/cjkpunct/CJKpunct.spa))
(c:/texlive/2024/texmf-dist/tex/latex/cjk/texinput/CJKspace.sty
Package: CJKspace 2021/10/16 3.8.0
)
(c:/texlive/2024/texmf-dist/tex/latex/cjk/texinput/UTF8/UTF8.bdg
File: UTF8.bdg 2021/10/16 4.8.5
)
(c:/texlive/2024/texmf-dist/tex/latex/ctex/ctexspa.def
File: ctexspa.def 2022/07/14 v2.5.10 Space info for CJKpunct (CTEX)
)
\ccwd=\dimen143
\l__ctex_ccglue_skip=\skip51
)
\l__ctex_ziju_dim=\dimen144

(c:/texlive/2024/texmf-dist/tex/latex/zhnumber/zhnumber.sty
Package: zhnumber 2022/07/14 v3.0 Typesetting numbers with Chinese glyphs
\l__zhnum_scale_int=\count277
\l__zhnum_tmp_int=\count278

(c:/texlive/2024/texmf-dist/tex/latex/zhnumber/zhnumber-utf8.cfg
File: zhnumber-utf8.cfg 2022/07/14 v3.0 Chinese numerals with UTF8 encoding
))
(c:/texlive/2024/texmf-dist/tex/latex/ctex/scheme/ctex-scheme-chinese.def
File: ctex-scheme-chinese.def 2022/07/14 v2.5.10 Chinese scheme for generic (CT
EX)

(c:/texlive/2024/texmf-dist/tex/latex/ctex/config/ctex-name-utf8.cfg
File: ctex-name-utf8.cfg 2022/07/14 v2.5.10 Caption with encoding UTF-8 (CTEX)
))
(c:/texlive/2024/texmf-dist/tex/latex/tools/indentfirst.sty
Package: indentfirst 2023/07/02 v1.03 Indent first paragraph (DPC)
)
(c:/texlive/2024/texmf-dist/tex/latex/ctex/fontset/ctex-fontset-windows.def
File: ctex-fontset-windows.def 2022/07/14 v2.5.10 Windows fonts definition (CTE
X)
))
(c:/texlive/2024/texmf-dist/tex/latex/ctex/config/ctex.cfg
File: ctex.cfg 2022/07/14 v2.5.10 Configuration file (CTEX)
)
(c:/texlive/2024/texmf-dist/tex/latex/xcolor/xcolor.sty
Package: xcolor 2023/11/15 v3.01 LaTeX color extensions (UK)

(c:/texlive/2024/texmf-dist/tex/latex/graphics-cfg/color.cfg
File: color.cfg 2016/01/02 v1.6 sample color configuration
)
Package xcolor Info: Driver file: pdftex.def on input line 274.

(c:/texlive/2024/texmf-dist/tex/latex/graphics-def/pdftex.def
File: pdftex.def 2024/04/13 v1.2c Graphics/color driver for pdftex
)
(c:/texlive/2024/texmf-dist/tex/latex/graphics/mathcolor.ltx)
Package xcolor Info: Model `cmy' substituted by `cmy0' on input line 1350.
Package xcolor Info: Model `hsb' substituted by `rgb' on input line 1354.
Package xcolor Info: Model `RGB' extended on input line 1366.
Package xcolor Info: Model `HTML' substituted by `rgb' on input line 1368.
Package xcolor Info: Model `Hsb' substituted by `hsb' on input line 1369.
Package xcolor Info: Model `tHsb' substituted by `hsb' on input line 1370.
Package xcolor Info: Model `HSB' substituted by `hsb' on input line 1371.
Package xcolor Info: Model `Gray' substituted by `gray' on input line 1372.
Package xcolor Info: Model `wave' substituted by `hsb' on input line 1373.
)
(c:/texlive/2024/texmf-dist/tex/latex/fancyhdr/fancyhdr.sty
Package: fancyhdr 2024/07/23 v4.3.1 Extensive control of page headers and foote
rs
\f@nch@headwidth=\skip52
\f@nch@O@elh=\skip53
\f@nch@O@erh=\skip54
\f@nch@O@olh=\skip55
\f@nch@O@orh=\skip56
\f@nch@O@elf=\skip57
\f@nch@O@erf=\skip58
\f@nch@O@olf=\skip59
\f@nch@O@orf=\skip60
)
(c:/texlive/2024/texmf-dist/tex/latex/lipsum/lipsum.sty
(c:/texlive/2024/texmf-dist/tex/latex/l3packages/l3keys2e/l3keys2e.sty
Package: l3keys2e 2024-05-08 LaTeX2e option processing using LaTeX3 keys
)
Package: lipsum 2021-09-20 v2.7 150 paragraphs of Lorem Ipsum dummy text
\g__lipsum_par_int=\count279
\l__lipsum_a_int=\count280
\l__lipsum_b_int=\count281

(c:/texlive/2024/texmf-dist/tex/latex/lipsum/lipsum.ltd.tex))
(c:/texlive/2024/texmf-dist/tex/latex/graphics/graphicx.sty
Package: graphicx 2021/09/16 v1.2d Enhanced LaTeX Graphics (DPC,SPQR)

(c:/texlive/2024/texmf-dist/tex/latex/graphics/keyval.sty
Package: keyval 2022/05/29 v1.15 key=value parser (DPC)
\KV@toks@=\toks19
)
(c:/texlive/2024/texmf-dist/tex/latex/graphics/graphics.sty
Package: graphics 2024/05/23 v1.4g Standard LaTeX Graphics (DPC,SPQR)

(c:/texlive/2024/texmf-dist/tex/latex/graphics/trig.sty
Package: trig 2023/12/02 v1.11 sin cos tan (DPC)
)
(c:/texlive/2024/texmf-dist/tex/latex/graphics-cfg/graphics.cfg
File: graphics.cfg 2016/06/04 v1.11 sample graphics configuration
)
Package graphics Info: Driver file: pdftex.def on input line 106.
)
\Gin@req@height=\dimen145
\Gin@req@width=\dimen146
)
(c:/texlive/2024/texmf-dist/tex/latex/amsmath/amsmath.sty
Package: amsmath 2024/05/23 v2.17q AMS math features
\@mathmargin=\skip61

For additional information on amsmath, use the `?' option.
(c:/texlive/2024/texmf-dist/tex/latex/amsmath/amstext.sty
Package: amstext 2021/08/26 v2.01 AMS text

(c:/texlive/2024/texmf-dist/tex/latex/amsmath/amsgen.sty
File: amsgen.sty 1999/11/30 v2.0 generic functions
\@emptytoks=\toks20
\ex@=\dimen147
))
(c:/texlive/2024/texmf-dist/tex/latex/amsmath/amsbsy.sty
Package: amsbsy 1999/11/29 v1.2d Bold Symbols
\pmbraise@=\dimen148
)
(c:/texlive/2024/texmf-dist/tex/latex/amsmath/amsopn.sty
Package: amsopn 2022/04/08 v2.04 operator names
)
\inf@bad=\count282
LaTeX Info: Redefining \frac on input line 233.
\uproot@=\count283
\leftroot@=\count284
LaTeX Info: Redefining \overline on input line 398.
LaTeX Info: Redefining \colon on input line 409.
\classnum@=\count285
\DOTSCASE@=\count286
LaTeX Info: Redefining \ldots on input line 495.
LaTeX Info: Redefining \dots on input line 498.
LaTeX Info: Redefining \cdots on input line 619.
\Mathstrutbox@=\box55
\strutbox@=\box56
LaTeX Info: Redefining \big on input line 721.
LaTeX Info: Redefining \Big on input line 722.
LaTeX Info: Redefining \bigg on input line 723.
LaTeX Info: Redefining \Bigg on input line 724.
\big@size=\dimen149
LaTeX Font Info:    Redeclaring font encoding OML on input line 742.
LaTeX Font Info:    Redeclaring font encoding OMS on input line 743.
\macc@depth=\count287
LaTeX Info: Redefining \bmod on input line 904.
LaTeX Info: Redefining \pmod on input line 909.
LaTeX Info: Redefining \smash on input line 939.
LaTeX Info: Redefining \relbar on input line 969.
LaTeX Info: Redefining \Relbar on input line 970.
\c@MaxMatrixCols=\count288
\dotsspace@=\muskip17
\c@parentequation=\count289
\dspbrk@lvl=\count290
\tag@help=\toks21
\row@=\count291
\column@=\count292
\maxfields@=\count293
\andhelp@=\toks22
\eqnshift@=\dimen150
\alignsep@=\dimen151
\tagshift@=\dimen152
\tagwidth@=\dimen153
\totwidth@=\dimen154
\lineht@=\dimen155
\@envbody=\toks23
\multlinegap=\skip62
\multlinetaggap=\skip63
\mathdisplay@stack=\toks24
LaTeX Info: Redefining \[ on input line 2953.
LaTeX Info: Redefining \] on input line 2954.
)
(c:/texlive/2024/texmf-dist/tex/latex/cjk/texinput/UTF8/UTF8.enc
File: UTF8.enc 2021/10/16 4.8.5
)
(c:/texlive/2024/texmf-dist/tex/latex/cjk/texinput/UTF8/UTF8.chr
File: UTF8.chr 2021/10/16 4.8.5
)
(./ÂÆûÈ™åÊä•Âëä1.aux

LaTeX Warning: Label `image-myimage' multiply defined.


LaTeX Warning: Label `image-myimage' multiply defined.


LaTeX Warning: Label `image-myimage' multiply defined.


LaTeX Warning: Label `image-myimage' multiply defined.


LaTeX Warning: Label `image-myimage' multiply defined.


LaTeX Warning: Label `image-myimage' multiply defined.


LaTeX Warning: Label `image-myimage' multiply defined.


LaTeX Warning: Label `image-myimage' multiply defined.


LaTeX Warning: Label `image-myimage' multiply defined.


LaTeX Warning: Label `image-myimage' multiply defined.


LaTeX Warning: Label `image-myimage' multiply defined.


LaTeX Warning: Label `image-myimage' multiply defined.


LaTeX Warning: Label `image-myimage' multiply defined.


LaTeX Warning: Label `image-myimage' multiply defined.


LaTeX Warning: Label `image-myimage' multiply defined.

)
\openout1 = `ÂÆûÈ™åÊä•Âëä1.aux'.

LaTeX Font Info:    Checking defaults for OML/cmm/m/it on input line 19.
LaTeX Font Info:    ... okay on input line 19.
LaTeX Font Info:    Checking defaults for OMS/cmsy/m/n on input line 19.
LaTeX Font Info:    ... okay on input line 19.
LaTeX Font Info:    Checking defaults for OT1/cmr/m/n on input line 19.
LaTeX Font Info:    ... okay on input line 19.
LaTeX Font Info:    Checking defaults for T1/cmr/m/n on input line 19.
LaTeX Font Info:    ... okay on input line 19.
LaTeX Font Info:    Checking defaults for TS1/cmr/m/n on input line 19.
LaTeX Font Info:    ... okay on input line 19.
LaTeX Font Info:    Checking defaults for OMX/cmex/m/n on input line 19.
LaTeX Font Info:    ... okay on input line 19.
LaTeX Font Info:    Checking defaults for U/cmr/m/n on input line 19.
LaTeX Font Info:    ... okay on input line 19.
LaTeX Font Info:    Checking defaults for C00/song/m/n on input line 19.
LaTeX Font Info:    ... okay on input line 19.
LaTeX Font Info:    Checking defaults for C05/song/m/n on input line 19.
LaTeX Font Info:    ... okay on input line 19.
LaTeX Font Info:    Checking defaults for C09/song/m/n on input line 19.
LaTeX Font Info:    ... okay on input line 19.
LaTeX Font Info:    Checking defaults for C10/song/m/n on input line 19.
LaTeX Font Info:    ... okay on input line 19.
LaTeX Font Info:    Checking defaults for C20/song/m/n on input line 19.
LaTeX Font Info:    ... okay on input line 19.
LaTeX Font Info:    Checking defaults for C19/song/m/n on input line 19.
LaTeX Font Info:    ... okay on input line 19.
LaTeX Font Info:    Checking defaults for C40/song/m/n on input line 19.
LaTeX Font Info:    ... okay on input line 19.
LaTeX Font Info:    Checking defaults for C42/song/m/n on input line 19.
LaTeX Font Info:    ... okay on input line 19.
LaTeX Font Info:    Checking defaults for C43/song/m/n on input line 19.
LaTeX Font Info:    ... okay on input line 19.
LaTeX Font Info:    Checking defaults for C50/song/m/n on input line 19.
LaTeX Font Info:    ... okay on input line 19.
LaTeX Font Info:    Checking defaults for C52/song/m/n on input line 19.
LaTeX Font Info:    ... okay on input line 19.
LaTeX Font Info:    Checking defaults for C49/song/m/n on input line 19.
LaTeX Font Info:    ... okay on input line 19.
LaTeX Font Info:    Checking defaults for C60/mj/m/n on input line 19.
LaTeX Font Info:    ... okay on input line 19.
LaTeX Font Info:    Checking defaults for C61/mj/m/n on input line 19.
LaTeX Font Info:    ... okay on input line 19.
LaTeX Font Info:    Checking defaults for C63/mj/m/n on input line 19.
LaTeX Font Info:    ... okay on input line 19.
LaTeX Font Info:    Checking defaults for C64/mj/m/n on input line 19.
LaTeX Font Info:    ... okay on input line 19.
LaTeX Font Info:    Checking defaults for C65/mj/m/n on input line 19.
LaTeX Font Info:    ... okay on input line 19.
LaTeX Font Info:    Checking defaults for C70/song/m/n on input line 19.
LaTeX Font Info:    ... okay on input line 19.
LaTeX Font Info:    Checking defaults for C31/song/m/n on input line 19.
LaTeX Font Info:    ... okay on input line 19.
LaTeX Font Info:    Checking defaults for C32/song/m/n on input line 19.
LaTeX Font Info:    ... okay on input line 19.
LaTeX Font Info:    Checking defaults for C33/song/m/n on input line 19.
LaTeX Font Info:    ... okay on input line 19.
LaTeX Font Info:    Checking defaults for C34/song/m/n on input line 19.
LaTeX Font Info:    ... okay on input line 19.
LaTeX Font Info:    Checking defaults for C35/song/m/n on input line 19.
LaTeX Font Info:    ... okay on input line 19.
LaTeX Font Info:    Checking defaults for C36/song/m/n on input line 19.
LaTeX Font Info:    ... okay on input line 19.
LaTeX Font Info:    Checking defaults for C37/song/m/n on input line 19.
LaTeX Font Info:    ... okay on input line 19.
LaTeX Font Info:    Checking defaults for C80/song/m/n on input line 19.
LaTeX Font Info:    ... okay on input line 19.
LaTeX Font Info:    Checking defaults for C81/song/m/n on input line 19.
LaTeX Font Info:    ... okay on input line 19.
LaTeX Font Info:    Checking defaults for C01/song/m/n on input line 19.
LaTeX Font Info:    ... okay on input line 19.
LaTeX Font Info:    Checking defaults for C11/song/m/n on input line 19.
LaTeX Font Info:    ... okay on input line 19.
LaTeX Font Info:    Checking defaults for C21/song/m/n on input line 19.
LaTeX Font Info:    ... okay on input line 19.
LaTeX Font Info:    Checking defaults for C41/song/m/n on input line 19.
LaTeX Font Info:    ... okay on input line 19.
LaTeX Font Info:    Checking defaults for C62/song/m/n on input line 19.
LaTeX Font Info:    ... okay on input line 19.
 (c:/texlive/2024/texmf-dist/tex/context/base/mkii/supp-pdf.mkii
[Loading MPS to PDF converter (version 2006.09.02).]
\scratchcounter=\count294
\scratchdimen=\dimen156
\scratchbox=\box57
\nofMPsegments=\count295
\nofMParguments=\count296
\everyMPshowfont=\toks25
\MPscratchCnt=\count297
\MPscratchDim=\dimen157
\MPnumerator=\count298
\makeMPintoPDFobject=\count299
\everyMPtoPDFconversion=\toks26
) (c:/texlive/2024/texmf-dist/tex/latex/epstopdf-pkg/epstopdf-base.sty
Package: epstopdf-base 2020-01-24 v2.11 Base part for package epstopdf

(c:/texlive/2024/texmf-dist/tex/generic/infwarerr/infwarerr.sty
Package: infwarerr 2019/12/03 v1.5 Providing info/warning/error messages (HO)
)
(c:/texlive/2024/texmf-dist/tex/latex/grfext/grfext.sty
Package: grfext 2019/12/03 v1.3 Manage graphics extensions (HO)

(c:/texlive/2024/texmf-dist/tex/generic/kvdefinekeys/kvdefinekeys.sty
Package: kvdefinekeys 2019-12-19 v1.6 Define keys (HO)
))
(c:/texlive/2024/texmf-dist/tex/latex/kvoptions/kvoptions.sty
Package: kvoptions 2022-06-15 v3.15 Key value format for package options (HO)

(c:/texlive/2024/texmf-dist/tex/generic/ltxcmds/ltxcmds.sty
Package: ltxcmds 2023-12-04 v1.26 LaTeX kernel commands for general use (HO)
)
(c:/texlive/2024/texmf-dist/tex/latex/kvsetkeys/kvsetkeys.sty
Package: kvsetkeys 2022-10-05 v1.19 Key value parser (HO)
))
(c:/texlive/2024/texmf-dist/tex/generic/pdftexcmds/pdftexcmds.sty
Package: pdftexcmds 2020-06-27 v0.33 Utility functions of pdfTeX for LuaTeX (HO
)
Package pdftexcmds Info: \pdf@primitive is available.
Package pdftexcmds Info: \pdf@ifprimitive is available.
Package pdftexcmds Info: \pdfdraftmode found.
)
Package epstopdf-base Info: Redefining graphics rule for `.eps' on input line 4
85.
Package grfext Info: Graphics extension search list:
(grfext)             [.pdf,.png,.jpg,.mps,.jpeg,.jbig2,.jb2,.PDF,.PNG,.JPG,.JPE
G,.JBIG2,.JB2,.eps]
(grfext)             \AppendGraphicsExtensions on input line 504.

(c:/texlive/2024/texmf-dist/tex/latex/latexconfig/epstopdf-sys.cfg
File: epstopdf-sys.cfg 2010/07/13 v1.3 Configuration of (r)epstopdf for TeX Liv
e
))
LaTeX Font Info:    Trying to load font information for C70+rm on input line 24
.

(c:/texlive/2024/texmf-dist/tex/latex/ctex/fd/c70rm.fd
File: c70rm.fd 2022/07/14 v2.5.10 Chinese font definition (CTEX)
)
Package CJKpunct Info: use punctuation spaces for family 'rm' with punctstyle (
quanjiao) on input line 24.
 (./ÂÆûÈ™åÊä•Âëä1.toc

(c:/texlive/2024/texmf-dist/tex/generic/ctex/zhmap/ctex-zhmap-windows.tex
File: ctex-zhmap-windows.tex 2022/07/14 v2.5.10 Windows font map loader for pdf
TeX and DVIPDFMx (CTEX)
{c:/texlive/2024/texmf-var/fonts/map/pdftex/updmap/pdftex.map}{UGBK.sfd}{Unicod
e.sfd}) [1

])
\tf@toc=\write3
\openout3 = `ÂÆûÈ™åÊä•Âëä1.toc'.




Package fancyhdr Warning: \headheight is too small (12.0pt): 
(fancyhdr)                Make it at least 18.85004pt, for example:
(fancyhdr)                \setlength{\headheight}{18.85004pt}.
(fancyhdr)                You might also make \topmargin smaller to compensate:

(fancyhdr)                \addtolength{\topmargin}{-6.85004pt}.

[2]
<im1.png, id=113, 1813.77625pt x 818.05624pt>
File: im1.png Graphic file (type png)
<use im1.png>
Package pdftex.def Info: im1.png  used on input line 40.
(pdftex.def)             Requested size: 390.0pt x 175.89114pt.
<im2.png, id=114, 989.6975pt x 306.14375pt>
File: im2.png Graphic file (type png)
<use im2.png>
Package pdftex.def Info: im2.png  used on input line 47.
(pdftex.def)             Requested size: 390.0pt x 120.63815pt.
<im3.png, id=115, 1077.02374pt x 307.1475pt>
File: im3.png Graphic file (type png)
<use im3.png>
Package pdftex.def Info: im3.png  used on input line 54.
(pdftex.def)             Requested size: 390.0pt x 111.21977pt.


LaTeX Warning: `h' float specifier changed to `ht'.




Package fancyhdr Warning: \headheight is too small (12.0pt): 
(fancyhdr)                Make it at least 18.85004pt, for example:
(fancyhdr)                \setlength{\headheight}{18.85004pt}.
(fancyhdr)                You might also make \topmargin smaller to compensate:

(fancyhdr)                \addtolength{\topmargin}{-6.85004pt}.

[3 <./im1.png (PNG copy)> <./im2.png (PNG copy)>]


Package fancyhdr Warning: \headheight is too small (12.0pt): 
(fancyhdr)                Make it at least 18.85004pt, for example:
(fancyhdr)                \setlength{\headheight}{18.85004pt}.
(fancyhdr)                You might also make \topmargin smaller to compensate:

(fancyhdr)                \addtolength{\topmargin}{-6.85004pt}.

[4 <./im3.png (PNG copy)>]
LaTeX Font Info:    Trying to load font information for C70+zhfs on input line 
65.

(c:/texlive/2024/texmf-dist/tex/latex/zhmetrics/c70zhfs.fd
File: c70zhfs.fd 2009/09/23 4.8.2
)
<im5.png, id=133, 1927.2pt x 1084.05pt>
File: im5.png Graphic file (type png)
<use im5.png>
Package pdftex.def Info: im5.png  used on input line 71.
(pdftex.def)             Requested size: 390.0pt x 219.37006pt.
<im4.png, id=134, 941.5175pt x 194.7275pt>
File: im4.png Graphic file (type png)
<use im4.png>
Package pdftex.def Info: im4.png  used on input line 78.
(pdftex.def)             Requested size: 390.0pt x 80.66183pt.



Package fancyhdr Warning: \headheight is too small (12.0pt): 
(fancyhdr)                Make it at least 18.85004pt, for example:
(fancyhdr)                \setlength{\headheight}{18.85004pt}.
(fancyhdr)                You might also make \topmargin smaller to compensate:

(fancyhdr)                \addtolength{\topmargin}{-6.85004pt}.

[5

 <./im5.png (PNG copy)> <./im4.png (PNG copy)>]
<im6.png, id=156, 1120.185pt x 853.1875pt>
File: im6.png Graphic file (type png)
<use im6.png>
Package pdftex.def Info: im6.png  used on input line 101.
(pdftex.def)             Requested size: 448.06606pt x 341.26895pt.

Overfull \hbox (58.06606pt too wide) in paragraph at lines 101--102
 [][] 
 []

<im7.png, id=157, 1370.11874pt x 521.95pt>
File: im7.png Graphic file (type png)
<use im7.png>
Package pdftex.def Info: im7.png  used on input line 108.
(pdftex.def)             Requested size: 411.03879pt x 156.5862pt.

Overfull \hbox (21.03879pt too wide) in paragraph at lines 108--109
 [][] 
 []


LaTeX Warning: `h' float specifier changed to `ht'.




Package fancyhdr Warning: \headheight is too small (12.0pt): 
(fancyhdr)                Make it at least 18.85004pt, for example:
(fancyhdr)                \setlength{\headheight}{18.85004pt}.
(fancyhdr)                You might also make \topmargin smaller to compensate:

(fancyhdr)                \addtolength{\topmargin}{-6.85004pt}.

[6

 <./im6.png (PNG copy)>]


Package fancyhdr Warning: \headheight is too small (12.0pt): 
(fancyhdr)                Make it at least 18.85004pt, for example:
(fancyhdr)                \setlength{\headheight}{18.85004pt}.
(fancyhdr)                You might also make \topmargin smaller to compensate:

(fancyhdr)                \addtolength{\topmargin}{-6.85004pt}.

[7 <./im7.png (PNG copy)>]
LaTeX Font Info:    Trying to load font information for OML+cmtt on input line 
125.
LaTeX Font Info:    No file OMLcmtt.fd. on input line 125.


LaTeX Font Warning: Font shape `OML/cmtt/m/n' undefined
(Font)              using `OML/cmm/m/it' instead
(Font)              for symbol `textgreater' on input line 125.

<im8.png, id=170, 1439.3775pt x 686.565pt>
File: im8.png Graphic file (type png)
<use im8.png>
Package pdftex.def Info: im8.png  used on input line 133.
(pdftex.def)             Requested size: 390.0pt x 186.02454pt.



Package fancyhdr Warning: \headheight is too small (12.0pt): 
(fancyhdr)                Make it at least 18.85004pt, for example:
(fancyhdr)                \setlength{\headheight}{18.85004pt}.
(fancyhdr)                You might also make \topmargin smaller to compensate:

(fancyhdr)                \addtolength{\topmargin}{-6.85004pt}.

[8

 <./im8.png (PNG copy)>]
<im9.png, id=178, 1071.00125pt x 659.46375pt>
File: im9.png Graphic file (type png)
<use im9.png>
Package pdftex.def Info: im9.png  used on input line 150.
(pdftex.def)             Requested size: 390.0pt x 240.14378pt.
<im10.png, id=179, 1384.17125pt x 368.37625pt>
File: im10.png Graphic file (type png)
<use im10.png>
Package pdftex.def Info: im10.png  used on input line 157.
(pdftex.def)             Requested size: 390.0pt x 103.79105pt.



Package fancyhdr Warning: \headheight is too small (12.0pt): 
(fancyhdr)                Make it at least 18.85004pt, for example:
(fancyhdr)                \setlength{\headheight}{18.85004pt}.
(fancyhdr)                You might also make \topmargin smaller to compensate:

(fancyhdr)                \addtolength{\topmargin}{-6.85004pt}.

[9

 <./im9.png (PNG copy)> <./im10.png (PNG copy)>]
<im11.png, id=183, 1043.9pt x 741.77126pt>
File: im11.png Graphic file (type png)
<use im11.png>
Package pdftex.def Info: im11.png  used on input line 174.
(pdftex.def)             Requested size: 390.0pt x 277.12224pt.



Package fancyhdr Warning: \headheight is too small (12.0pt): 
(fancyhdr)                Make it at least 18.85004pt, for example:
(fancyhdr)                \setlength{\headheight}{18.85004pt}.
(fancyhdr)                You might also make \topmargin smaller to compensate:

(fancyhdr)                \addtolength{\topmargin}{-6.85004pt}.

[10

 <./im11.png (PNG copy)>]
<im12.png, id=189, 942.52126pt x 524.96124pt>
File: im12.png Graphic file (type png)
<use im12.png>
Package pdftex.def Info: im12.png  used on input line 193.
(pdftex.def)             Requested size: 390.0pt x 217.22205pt.



Package fancyhdr Warning: \headheight is too small (12.0pt): 
(fancyhdr)                Make it at least 18.85004pt, for example:
(fancyhdr)                \setlength{\headheight}{18.85004pt}.
(fancyhdr)                You might also make \topmargin smaller to compensate:

(fancyhdr)                \addtolength{\topmargin}{-6.85004pt}.

[11

 <./im12.png (PNG copy)>]
Overfull \hbox (89.87228pt too wide) in paragraph at lines 206--209
[][][][][][][] \C70/rm/m/n/12/64 § \C70/rm/m/n/12/95 ^^@ \C70/rm/m/n/12/7f ^^S 
\C70/rm/m/n/12/5b X \C70/rm/m/n/12/53 : \C70/rm/m/n/12/76 Ñ \C70/rm/m/n/12/4f Ó
 \C70/rm/m/n/12/65 9 [][][][][][]
 []

<im13.png, id=199, 1177.39874pt x 724.7075pt>
File: im13.png Graphic file (type png)
<use im13.png>
Package pdftex.def Info: im13.png  used on input line 212.
(pdftex.def)             Requested size: 390.0pt x 240.04993pt.



Package fancyhdr Warning: \headheight is too small (12.0pt): 
(fancyhdr)                Make it at least 18.85004pt, for example:
(fancyhdr)                \setlength{\headheight}{18.85004pt}.
(fancyhdr)                You might also make \topmargin smaller to compensate:

(fancyhdr)                \addtolength{\topmargin}{-6.85004pt}.

[12

 <./im13.png (PNG copy)>]
<im14.png, id=208, 1255.69125pt x 944.52875pt>
File: im14.png Graphic file (type png)
<use im14.png>
Package pdftex.def Info: im14.png  used on input line 229.
(pdftex.def)             Requested size: 390.0pt x 293.34856pt.



Package fancyhdr Warning: \headheight is too small (12.0pt): 
(fancyhdr)                Make it at least 18.85004pt, for example:
(fancyhdr)                \setlength{\headheight}{18.85004pt}.
(fancyhdr)                You might also make \topmargin smaller to compensate:

(fancyhdr)                \addtolength{\topmargin}{-6.85004pt}.

[13

 <./im14.png (PNG copy)>]
<im15.png, id=216, 1166.3575pt x 728.7225pt>
File: im15.png Graphic file (type png)
<use im15.png>
Package pdftex.def Info: im15.png  used on input line 246.
(pdftex.def)             Requested size: 390.0pt x 243.65932pt.



Package fancyhdr Warning: \headheight is too small (12.0pt): 
(fancyhdr)                Make it at least 18.85004pt, for example:
(fancyhdr)                \setlength{\headheight}{18.85004pt}.
(fancyhdr)                You might also make \topmargin smaller to compensate:

(fancyhdr)                \addtolength{\topmargin}{-6.85004pt}.

[14

 <./im15.png>]
LaTeX Font Info:    Trying to load font information for OMS+cmtt on input line 
256.
LaTeX Font Info:    No file OMScmtt.fd. on input line 256.


LaTeX Font Warning: Font shape `OMS/cmtt/m/n' undefined
(Font)              using `OMS/cmsy/m/n' instead
(Font)              for symbol `textbackslash' on input line 256.


Overfull \hbox (6.05675pt too wide) in paragraph at lines 256--257
[]\C70/rm/m/n/12/6b œ \C70/rm/m/n/12/4e *\OT1/cmr/m/n/12 latex\C70/rm/m/n/12/65
 á \C70/rm/m/n/12/68 c|\C70/rm/m/n/12/ff ^^L| \C70/rm/m/n/12/4e Â \C70/rm/m/n/1
2/54 } \C70/rm/m/n/12/4e ‰[][][][][][]\C70/rm/m/n/12/5f ^^@
 []


Overfull \hbox (83.52496pt too wide) in paragraph at lines 270--271
[]\C70/rm/m/n/12/51 s \C70/rm/m/n/12/4e é \C70/rm/m/n/12/68 ^^G \C70/rm/m/n/12/
98 ò \C70/rm/m/n/12/76 Ñ \C70/rm/m/n/12/75 ^^_ \C70/rm/m/n/12/62 ^^P|\C70/rm/m/
n/12/ff ^^L| \C70/rm/m/n/12/4f ^^? \C70/rm/m/n/12/75 ([][][][][][]\C70/rm/m/n/1
2/67 e \C70/rm/m/n/12/5f ^^@ \C70/rm/m/n/12/59 À \C70/rm/m/n/12/68 ^^G \C70/rm/
m/n/12/98 ò \C70/rm/m/n/12/75 ^^_ \C70/rm/m/n/12/62 ^^P|\C70/rm/m/n/12/ff ^^L| 
[][][][][][]\C70/rm/m/n/12/67 e
 []

Package CJKpunct Info: use punctuation spaces for family 'zhfs' with punctstyle
 (quanjiao) on input line 279.



Package fancyhdr Warning: \headheight is too small (12.0pt): 
(fancyhdr)                Make it at least 18.85004pt, for example:
(fancyhdr)                \setlength{\headheight}{18.85004pt}.
(fancyhdr)                You might also make \topmargin smaller to compensate:

(fancyhdr)                \addtolength{\topmargin}{-6.85004pt}.

[15

]
Overfull \hbox (11.33002pt too wide) in paragraph at lines 296--297
[]\C70/rm/m/n/12/4f ^^? \C70/rm/m/n/12/75 ([][][][][][]|\C70/rm/m/n/12/ff ^^L| 
\C70/rm/m/n/12/67 e \C70/rm/m/n/12/75 ^^_ \C70/rm/m/n/12/62 ^^P \C70/rm/m/n/12/
7a ‡|\C70/rm/m/n/12/ff ^^[| \C70/rm/m/n/12/4f ^^? \C70/rm/m/n/12/75 ([][][][][]
[]|\C70/rm/m/n/12/ff ^^L|
 []


Overfull \hbox (97.06989pt too wide) in paragraph at lines 296--297
\C70/rm/m/n/12/67 e \C70/rm/m/n/12/75 ^^_ \C70/rm/m/n/12/62 ^^P \C70/rm/m/n/12/
82 Ç|\C70/rm/m/n/12/ff ^^[| \C70/rm/m/n/12/4f ^^? \C70/rm/m/n/12/75 ([][][][][]
[]|\C70/rm/m/n/12/ff ^^L| \C70/rm/m/n/12/67 e \C70/rm/m/n/12/75 ^^_ \C70/rm/m/n
/12/62 ^^P \C70/rm/m/n/12/5b P \C70/rm/m/n/12/82 Ç|\C70/rm/m/n/12/30 ^^B| \C70/
rm/m/n/12/5f Ä \C70/rm/m/n/12/4e  \C70/rm/m/n/12/8f ÿ \C70/rm/m/n/12/67 	[][][
][][][]|\C70/rm/m/n/12/30 ^^A|
 []


Overfull \hbox (8.60484pt too wide) in paragraph at lines 298--299
[]\C70/rm/m/n/12/4f ã \C70/rm/m/n/12/59 Ç \C70/rm/m/n/12/67 , \C70/rm/m/n/12/7b
 « \C70/rm/m/n/12/62 • \C70/rm/m/n/12/54 J \C70/rm/m/n/12/75 ^^_ \C70/rm/m/n/12
/62 ^^P \C70/rm/m/n/12/7a ‡ \C70/rm/m/n/12/82 Ç \C70/rm/m/n/12/76 Ñ \C70/rm/m/n
/12/90 Ë \C70/rm/m/n/12/52 ^^F \C70/rm/m/n/12/4e „ \C70/rm/m/n/12/78 ^^A |\C70/
rm/m/n/12/ff ^^H|\C70/rm/m/n/12/57 ( \C70/rm/m/n/12/6c ° \C70/rm/m/n/12/52 † \C
70/rm/m/n/12/51 e \C70/rm/m/n/12/6b c \C70/rm/m/n/12/65 á \C70/rm/m/n/12/4e K \
C70/rm/m/n/12/52 M|\C70/rm/m/n/12/ff ^^L| \C70/rm/m/n/12/6b d\OT1/cmr/m/n/12 su
bsection\C70/rm/m/n/12/5f Ä
 []


Overfull \hbox (102.2502pt too wide) in paragraph at lines 308--308
[]  \OT1/cmtt/m/n/12 \subsection{\color{red}\C70/zhfs/m/n/12/5f i \C70/zhfs/m/n
/12/82 r\OT1/cmtt/m/n/12 \colorbox{yellow}{\color{green}\C70/zhfs/m/n/12/5b W \
C70/zhfs/m/n/12/4f S\OT1/cmtt/m/n/12 }\color{black}\C70/zhfs/m/n/12/76 Ñ
 []


Overfull \hbox (7.17361pt too wide) in paragraph at lines 315--316
\C70/rm/m/n/12/67 	\OT1/cmr/m/n/12 red|\C70/rm/m/n/12/30 ^^A| \OT1/cmr/m/n/12 g
reen|\C70/rm/m/n/12/30 ^^A| \OT1/cmr/m/n/12 blue\C70/rm/m/n/12/7b I I\OT1/cmr/m
/n/12 ...\C70/rm/m/n/12/96 d \C70/rm/m/n/12/6b d \C70/rm/m/n/12/4e K \C70/rm/m/
n/12/59 ^^V \C70/rm/m/n/12/8f ÿ \C70/rm/m/n/12/67 	 \C70/rm/m/n/12/54 } \C70/rm
/m/n/12/4e ‰[][][][][][]|\C70/rm/m/n/12/ff ^^L|
 []


Overfull \hbox (118.02843pt too wide) in paragraph at lines 315--316
\C70/rm/m/n/12/5f i \C70/rm/m/n/12/82 r \C70/rm/m/n/12/80 Ã \C70/rm/m/n/12/66 o
 \C70/rm/m/n/12/67 ^^? \C70/rm/m/n/12/7b I\OT1/cmr/m/n/12 ...colorx\C70/rm/m/n/
12/4e - \C70/rm/m/n/12/63 – \C70/rm/m/n/12/4f õ \C70/rm/m/n/12/81 Í \C70/rm/m/n
/12/5b ö \C70/rm/m/n/12/4e I \C70/rm/m/n/12/98 ú \C70/rm/m/n/12/82 r \C70/rm/m/
n/12/76 Ñ \C70/rm/m/n/12/54 } \C70/rm/m/n/12/4e ‰[][][][][][]|\C70/rm/m/n/12/ff
 ^^L|
 []


Overfull \hbox (28.15016pt too wide) in paragraph at lines 321--321
[]  \OT1/cmtt/m/n/12 \color{red}\C70/zhfs/m/n/12/5f i \C70/zhfs/m/n/12/82 r\OT1
/cmtt/m/n/12 \colorbox{yellow}{\color{green}\C70/zhfs/m/n/12/5b W \C70/zhfs/m/n
/12/4f S\OT1/cmtt/m/n/12 }\color{black}\C70/zhfs/m/n/12/76 Ñ
 []




Package fancyhdr Warning: \headheight is too small (12.0pt): 
(fancyhdr)                Make it at least 18.85004pt, for example:
(fancyhdr)                \setlength{\headheight}{18.85004pt}.
(fancyhdr)                You might also make \topmargin smaller to compensate:

(fancyhdr)                \addtolength{\topmargin}{-6.85004pt}.

[16]


Package fancyhdr Warning: \headheight is too small (12.0pt): 
(fancyhdr)                Make it at least 18.85004pt, for example:
(fancyhdr)                \setlength{\headheight}{18.85004pt}.
(fancyhdr)                You might also make \topmargin smaller to compensate:

(fancyhdr)                \addtolength{\topmargin}{-6.85004pt}.

[17{c:/texlive/2024/texmf-dist/fonts/enc/dvips/cm-super/cm-super-ts1.enc}]
Underfull \hbox (badness 10000) in paragraph at lines 395--405

 []




Package fancyhdr Warning: \headheight is too small (12.0pt): 
(fancyhdr)                Make it at least 18.85004pt, for example:
(fancyhdr)                \setlength{\headheight}{18.85004pt}.
(fancyhdr)                You might also make \topmargin smaller to compensate:

(fancyhdr)                \addtolength{\topmargin}{-6.85004pt}.

[18]
Overfull \hbox (1.11186pt too wide) in paragraph at lines 433--434
[]\C70/rm/m/n/12/51 v \C70/rm/m/n/12/4e - \C70/rm/m/n/12/6d â \C70/rm/m/n/12/53
   \C70/rm/m/n/12/52 0[][][][][][]\OT1/cmr/m/n/12 ,\C70/rm/m/n/12/88 h \C70/rm/
m/n/12/79 : \C70/rm/m/n/12/63 “ \C70/rm/m/n/12/51 e \C70/rm/m/n/12/56 ˛ \C70/rm
/m/n/12/72 G \C70/rm/m/n/12/76 Ñ \C70/rm/m/n/12/4f M \C70/rm/m/n/12/7f n|\C70/r
m/m/n/12/ff ^^L| \OT1/cmr/m/n/12 centering\C70/rm/m/n/12/88 h \C70/rm/m/n/12/79
 : \C70/rm/m/n/12/5c E \C70/rm/m/n/12/4e -|\C70/rm/m/n/12/30 ^^B| \C70/rm/m/n/1
2/5b ˘
 []


Overfull \hbox (31.09999pt too wide) in paragraph at lines 433--434
\C70/rm/m/n/12/4e * \C70/rm/m/n/12/68 ^^G \C70/rm/m/n/12/7b ~|\C70/rm/m/n/12/ff
 ^^L| \C70/rm/m/n/12/8f Ÿ \C70/rm/m/n/12/66 / \C70/rm/m/n/12/53 Ô \C70/rm/m/n/1
2/90 	 \C70/rm/m/n/12/76 Ñ|\C70/rm/m/n/12/30 ^^B| \C70/rm/m/n/12/4e Â 
 \C70/rm/m/n/12/63 – \C70/rm/m/n/12/52 0 \C70/rm/m/n/12/76 Ñ \C70/rm/m/n/12/90 
˝ \C70/rm/m/n/12/89 Å \C70/rm/m/n/12/63 “ \C70/rm/m/n/12/51 e[][][][][][]\C70/r
m/m/n/12/54 å[][][][][][]\C70/rm/m/n/12/5b ˘
 []




Package fancyhdr Warning: \headheight is too small (12.0pt): 
(fancyhdr)                Make it at least 18.85004pt, for example:
(fancyhdr)                \setlength{\headheight}{18.85004pt}.
(fancyhdr)                You might also make \topmargin smaller to compensate:

(fancyhdr)                \addtolength{\topmargin}{-6.85004pt}.

[19]


Package fancyhdr Warning: \headheight is too small (12.0pt): 
(fancyhdr)                Make it at least 18.85004pt, for example:
(fancyhdr)                \setlength{\headheight}{18.85004pt}.
(fancyhdr)                You might also make \topmargin smaller to compensate:

(fancyhdr)                \addtolength{\topmargin}{-6.85004pt}.

[20]
<im16.png, id=316, 1305.87875pt x 195.73125pt>
File: im16.png Graphic file (type png)
<use im16.png>
Package pdftex.def Info: im16.png  used on input line 469.
(pdftex.def)             Requested size: 390.0pt x 58.45401pt.



Package fancyhdr Warning: \headheight is too small (12.0pt): 
(fancyhdr)                Make it at least 18.85004pt, for example:
(fancyhdr)                \setlength{\headheight}{18.85004pt}.
(fancyhdr)                You might also make \topmargin smaller to compensate:

(fancyhdr)                \addtolength{\topmargin}{-6.85004pt}.

[21 <./im16.png (PNG copy)>] (./ÂÆûÈ™åÊä•Âëä1.aux)
 ***********
LaTeX2e <2024-06-01> patch level 2
L3 programming layer <2022/07/14>
 ***********


LaTeX Font Warning: Some font shapes were not available, defaults substituted.


LaTeX Warning: There were multiply-defined labels.

 ) 
Here is how much of TeX's memory you used:
 8807 strings out of 473579
 158667 string characters out of 5732263
 1945960 words of memory out of 5000000
 31190 multiletter control sequences out of 15000+600000
 620545 words of font info for 263 fonts, out of 8000000 for 9000
 1141 hyphenation exceptions out of 8191
 80i,11n,88p,992b,450s stack positions out of 10000i,1000n,20000p,200000b,200000s
<c:/Windows/Fonts/simhei.ttf><c:/Windows/Fonts/simhei.ttf><c:/Windows/Fonts/s
imhei.ttf><c:/Windows/Fonts/simhei.ttf><c:/Windows/Fonts/simsun.ttc><c:/Windows
/Fonts/simsun.ttc><c:/Windows/Fonts/simfang.ttf><c:/Windows/Fonts/simfang.ttf><
c:/Windows/Fonts/simfang.ttf><c:/Windows/Fonts/simsun.ttc><c:/Windows/Fonts/sim
sun.ttc><c:/Windows/Fonts/simsun.ttc><c:/Windows/Fonts/simhei.ttf><c:/Windows/F
onts/simhei.ttf><c:/Windows/Fonts/simfang.ttf><c:/Windows/Fonts/simfang.ttf><c:
/Windows/Fonts/simfang.ttf><c:/Windows/Fonts/simfang.ttf><c:/Windows/Fonts/simf
ang.ttf><c:/Windows/Fonts/simfang.ttf><c:/Windows/Fonts/simfang.ttf><c:/Windows
/Fonts/simsun.ttc><c:/Windows/Fonts/simhei.ttf><c:/Windows/Fonts/simhei.ttf><c:
/Windows/Fonts/simfang.ttf><c:/Windows/Fonts/simfang.ttf><c:/Windows/Fonts/simf
ang.ttf><c:/Windows/Fonts/simfang.ttf><c:/Windows/Fonts/simfang.ttf><c:/Windows
/Fonts/simsun.ttc><c:/Windows/Fonts/simfang.ttf><c:/Windows/Fonts/simhei.ttf><c
:/Windows/Fonts/simfang.ttf><c:/Windows/Fonts/simfang.ttf><c:/Windows/Fonts/sim
fang.ttf><c:/Windows/Fonts/simfang.ttf><c:/Windows/Fonts/simfang.ttf><c:/Window
s/Fonts/simfang.ttf><c:/Windows/Fonts/simfang.ttf><c:/Windows/Fonts/simfang.ttf
><c:/Windows/Fonts/simfang.ttf><c:/Windows/Fonts/simfang.ttf><c:/Windows/Fonts/
simfang.ttf><c:/Windows/Fonts/simfang.ttf><c:/Windows/Fonts/simfang.ttf><c:/Win
dows/Fonts/simfang.ttf><c:/Windows/Fonts/simfang.ttf><c:/Windows/Fonts/simfang.
ttf><c:/Windows/Fonts/simfang.ttf><c:/Windows/Fonts/simfang.ttf><c:/Windows/Fon
ts/simfang.ttf><c:/Windows/Fonts/simfang.ttf><c:/Windows/Fonts/simfang.ttf><c:/
Windows/Fonts/simsun.ttc><c:/Windows/Fonts/simsun.ttc><c:/Windows/Fonts/simsun.
ttc><c:/Windows/Fonts/simsun.ttc><c:/Windows/Fonts/simhei.ttf><c:/Windows/Fonts
/simhei.ttf><c:/Windows/Fonts/simhei.ttf><c:/Windows/Fonts/simhei.ttf><c:/Windo
ws/Fonts/simhei.ttf><c:/Windows/Fonts/simhei.ttf><c:/Windows/Fonts/simsun.ttc><
c:/Windows/Fonts/simfang.ttf><c:/Windows/Fonts/simfang.ttf><c:/Windows/Fonts/si
mfang.ttf><c:/Windows/Fonts/simhei.ttf><c:/Windows/Fonts/simfang.ttf><c:/Window
s/Fonts/simfang.ttf><c:/Windows/Fonts/simhei.ttf><c:/Windows/Fonts/simhei.ttf><
c:/Windows/Fonts/simhei.ttf><c:/Windows/Fonts/simhei.ttf><c:/Windows/Fonts/simh
ei.ttf><c:/Windows/Fonts/simhei.ttf><c:/Windows/Fonts/simhei.ttf><c:/Windows/Fo
nts/simhei.ttf><c:/Windows/Fonts/simfang.ttf><c:/Windows/Fonts/simfang.ttf><c:/
Windows/Fonts/simfang.ttf><c:/Windows/Fonts/simhei.ttf><c:/Windows/Fonts/simhei
.ttf><c:/Windows/Fonts/simsun.ttc><c:/Windows/Fonts/simsun.ttc><c:/Windows/Font
s/simsun.ttc><c:/Windows/Fonts/simfang.ttf><c:/Windows/Fonts/simfang.ttf><c:/Wi
ndows/Fonts/simfang.ttf><c:/Windows/Fonts/simfang.ttf><c:/Windows/Fonts/simfang
.ttf><c:/Windows/Fonts/simfang.ttf><c:/Windows/Fonts/simfang.ttf><c:/Windows/Fo
nts/simsun.ttc><c:/Windows/Fonts/simhei.ttf><c:/Windows/Fonts/simhei.ttf><c:/Wi
ndows/Fonts/simhei.ttf><c:/Windows/Fonts/simhei.ttf><c:/Windows/Fonts/simsun.tt
c><c:/Windows/Fonts/simsun.ttc><c:/Windows/Fonts/simsun.ttc><c:/Windows/Fonts/s
imsun.ttc><c:/Windows/Fonts/simhei.ttf><c:/Windows/Fonts/simhei.ttf><c:/Windows
/Fonts/simhei.ttf><c:/Windows/Fonts/simhei.ttf><c:/Windows/Fonts/simhei.ttf><c:
/Windows/Fonts/simsun.ttc><c:/Windows/Fonts/simsun.ttc><c:/Windows/Fonts/simsun
.ttc><c:/Windows/Fonts/simsun.ttc><c:/Windows/Fonts/simsun.ttc><c:/Windows/Font
s/simsun.ttc><c:/Windows/Fonts/simsun.ttc><c:/Windows/Fonts/simsun.ttc><c:/Wind
ows/Fonts/simsun.ttc><c:/Windows/Fonts/simsun.ttc><c:/Windows/Fonts/simsun.ttc>
<c:/Windows/Fonts/simsun.ttc><c:/Windows/Fonts/simsun.ttc><c:/Windows/Fonts/sim
sun.ttc><c:/Windows/Fonts/simsun.ttc><c:/Windows/Fonts/simsun.ttc><c:/Windows/F
onts/simsun.ttc><c:/Windows/Fonts/simsun.ttc><c:/Windows/Fonts/simsun.ttc><c:/W
indows/Fonts/simsun.ttc><c:/Windows/Fonts/simsun.ttc><c:/Windows/Fonts/simsun.t
tc><c:/Windows/Fonts/simsun.ttc><c:/Windows/Fonts/simhei.ttf><c:/Windows/Fonts/
simhei.ttf><c:/Windows/Fonts/simhei.ttf><c:/Windows/Fonts/simhei.ttf><c:/Window
s/Fonts/simhei.ttf><c:/Windows/Fonts/simhei.ttf><c:/Windows/Fonts/simsun.ttc><c
:/Windows/Fonts/simsun.ttc><c:/Windows/Fonts/simsun.ttc><c:/Windows/Fonts/simsu
n.ttc><c:/Windows/Fonts/simsun.ttc><c:/Windows/Fonts/simsun.ttc><c:/Windows/Fon
ts/simsun.ttc><c:/Windows/Fonts/simsun.ttc><c:/Windows/Fonts/simsun.ttc><c:/Win
dows/Fonts/simsun.ttc><c:/Windows/Fonts/simsun.ttc><c:/Windows/Fonts/simsun.ttc
><c:/Windows/Fonts/simsun.ttc><c:/Windows/Fonts/simsun.ttc><c:/Windows/Fonts/si
msun.ttc><c:/Windows/Fonts/simsun.ttc><c:/Windows/Fonts/simsun.ttc><c:/Windows/
Fonts/simsun.ttc><c:/Windows/Fonts/simsun.ttc><c:/Windows/Fonts/simsun.ttc><c:/
Windows/Fonts/simsun.ttc><c:/Windows/Fonts/simsun.ttc><c:/Windows/Fonts/simsun.
ttc><c:/texlive/2024/texmf-dist/fonts/type1/public/amsfonts/cm/cmbx12.pfb><c:/t
exlive/2024/texmf-dist/fonts/type1/public/amsfonts/cm/cmex10.pfb><c:/texlive/20
24/texmf-dist/fonts/type1/public/amsfonts/cm/cmmi12.pfb><c:/texlive/2024/texmf-
dist/fonts/type1/public/amsfonts/cm/cmmi8.pfb><c:/texlive/2024/texmf-dist/fonts
/type1/public/amsfonts/cm/cmr12.pfb><c:/texlive/2024/texmf-dist/fonts/type1/pub
lic/amsfonts/cm/cmr8.pfb><c:/texlive/2024/texmf-dist/fonts/type1/public/amsfont
s/cm/cmsy10.pfb><c:/texlive/2024/texmf-dist/fonts/type1/public/amsfonts/cm/cmsy
8.pfb><c:/texlive/2024/texmf-dist/fonts/type1/public/amsfonts/cm/cmtt12.pfb><c:
/texlive/2024/texmf-dist/fonts/type1/public/cm-super/sfrm1200.pfb><c:/texlive/2
024/texmf-dist/fonts/type1/public/cm-super/sftt1200.pfb>
Output written on ÂÆûÈ™åÊä•Âëä1.pdf (21 pages, 1904961 bytes).
PDF statistics:
 852 PDF objects out of 1000 (max. 8388607)
 559 compressed objects within 6 object streams
 0 named destinations out of 1000 (max. 500000)
 345 words of extra memory for PDF output out of 10000 (max. 10000000)

